mode: set
golang-watchlist/internal/db/db.go:12.31,24.34 6 1
golang-watchlist/internal/db/db.go:24.34,26.17 2 1
golang-watchlist/internal/db/db.go:26.17,27.9 1 1
golang-watchlist/internal/db/db.go:29.3,30.28 2 0
golang-watchlist/internal/db/db.go:33.2,33.16 1 1
golang-watchlist/internal/db/db.go:33.16,35.3 1 0
golang-watchlist/internal/db/db.go:37.2,49.16 3 1
golang-watchlist/internal/db/db.go:49.16,52.3 2 0
golang-watchlist/internal/db/db.go:54.2,54.16 1 1
golang-watchlist/internal/repository/repository.go:21.56,23.2 1 1
golang-watchlist/internal/repository/repository.go:27.91,36.16 3 1
golang-watchlist/internal/repository/repository.go:36.16,38.3 1 0
golang-watchlist/internal/repository/repository.go:40.2,41.16 2 1
golang-watchlist/internal/repository/repository.go:41.16,43.3 1 0
golang-watchlist/internal/repository/repository.go:45.2,46.12 2 1
golang-watchlist/internal/repository/repository.go:49.85,52.16 3 1
golang-watchlist/internal/repository/repository.go:52.16,54.3 1 0
golang-watchlist/internal/repository/repository.go:55.2,58.18 3 1
golang-watchlist/internal/repository/repository.go:58.18,64.17 3 1
golang-watchlist/internal/repository/repository.go:64.17,66.4 1 0
golang-watchlist/internal/repository/repository.go:67.3,67.36 1 1
golang-watchlist/internal/repository/repository.go:70.2,70.35 1 1
golang-watchlist/internal/repository/repository.go:70.35,72.3 1 0
golang-watchlist/internal/repository/repository.go:74.2,74.21 1 1
golang-watchlist/internal/repository/repository.go:77.91,89.16 4 1
golang-watchlist/internal/repository/repository.go:89.16,91.3 1 0
golang-watchlist/internal/repository/repository.go:93.2,93.23 1 1
golang-watchlist/internal/repository/repository.go:93.23,95.3 1 0
golang-watchlist/internal/repository/repository.go:97.2,97.12 1 1
golang-watchlist/internal/repository/repository.go:100.76,105.16 4 1
golang-watchlist/internal/repository/repository.go:105.16,107.3 1 0
golang-watchlist/internal/repository/repository.go:108.2,108.23 1 1
golang-watchlist/internal/repository/repository.go:108.23,110.3 1 0
golang-watchlist/internal/repository/repository.go:112.2,112.12 1 1
golang-watchlist/internal/routes/routes.go:14.57,20.2 5 1
golang-watchlist/internal/routes/routes.go:22.79,23.54 1 1
golang-watchlist/internal/routes/routes.go:23.54,25.65 2 1
golang-watchlist/internal/routes/routes.go:25.65,28.4 2 0
golang-watchlist/internal/routes/routes.go:30.3,30.48 1 1
golang-watchlist/internal/routes/routes.go:30.48,33.4 2 0
golang-watchlist/internal/routes/routes.go:35.3,35.65 1 1
golang-watchlist/internal/routes/routes.go:35.65,38.4 2 0
golang-watchlist/internal/routes/routes.go:39.3,40.36 2 1
golang-watchlist/internal/routes/routes.go:44.77,45.54 1 1
golang-watchlist/internal/routes/routes.go:45.54,47.17 2 1
golang-watchlist/internal/routes/routes.go:47.17,50.4 2 0
golang-watchlist/internal/routes/routes.go:51.3,51.37 1 1
golang-watchlist/internal/routes/routes.go:55.79,56.54 1 1
golang-watchlist/internal/routes/routes.go:56.54,58.17 2 1
golang-watchlist/internal/routes/routes.go:58.17,61.4 2 0
golang-watchlist/internal/routes/routes.go:63.3,64.65 2 1
golang-watchlist/internal/routes/routes.go:64.65,67.4 2 0
golang-watchlist/internal/routes/routes.go:69.3,69.48 1 1
golang-watchlist/internal/routes/routes.go:69.48,72.4 2 0
golang-watchlist/internal/routes/routes.go:74.3,75.65 2 1
golang-watchlist/internal/routes/routes.go:75.65,78.4 2 0
golang-watchlist/internal/routes/routes.go:79.3,79.36 1 1
golang-watchlist/internal/routes/routes.go:83.79,84.54 1 1
golang-watchlist/internal/routes/routes.go:84.54,86.17 2 1
golang-watchlist/internal/routes/routes.go:86.17,89.4 2 0
golang-watchlist/internal/routes/routes.go:91.3,91.60 1 1
golang-watchlist/internal/routes/routes.go:91.60,94.4 2 0
golang-watchlist/internal/routes/routes.go:95.3,95.38 1 1
golang-watchlist/internal/db/db.go:12.31,24.34 6 1
golang-watchlist/internal/db/db.go:24.34,26.17 2 1
golang-watchlist/internal/db/db.go:26.17,27.9 1 1
golang-watchlist/internal/db/db.go:29.3,30.28 2 0
golang-watchlist/internal/db/db.go:33.2,33.16 1 1
golang-watchlist/internal/db/db.go:33.16,35.3 1 0
golang-watchlist/internal/db/db.go:37.2,49.16 3 1
golang-watchlist/internal/db/db.go:49.16,52.3 2 0
golang-watchlist/internal/db/db.go:54.2,54.16 1 1
golang-watchlist/internal/repository/repository.go:21.56,23.2 1 1
golang-watchlist/internal/repository/repository.go:27.91,36.16 3 1
golang-watchlist/internal/repository/repository.go:36.16,38.3 1 0
golang-watchlist/internal/repository/repository.go:40.2,41.16 2 1
golang-watchlist/internal/repository/repository.go:41.16,43.3 1 0
golang-watchlist/internal/repository/repository.go:45.2,46.12 2 1
golang-watchlist/internal/repository/repository.go:49.85,52.16 3 1
golang-watchlist/internal/repository/repository.go:52.16,54.3 1 0
golang-watchlist/internal/repository/repository.go:55.2,58.18 3 1
golang-watchlist/internal/repository/repository.go:58.18,64.17 3 1
golang-watchlist/internal/repository/repository.go:64.17,66.4 1 0
golang-watchlist/internal/repository/repository.go:67.3,67.36 1 1
golang-watchlist/internal/repository/repository.go:70.2,70.35 1 1
golang-watchlist/internal/repository/repository.go:70.35,72.3 1 0
golang-watchlist/internal/repository/repository.go:74.2,74.21 1 1
golang-watchlist/internal/repository/repository.go:77.91,89.16 4 1
golang-watchlist/internal/repository/repository.go:89.16,91.3 1 0
golang-watchlist/internal/repository/repository.go:93.2,93.23 1 1
golang-watchlist/internal/repository/repository.go:93.23,95.3 1 0
golang-watchlist/internal/repository/repository.go:97.2,97.12 1 1
golang-watchlist/internal/repository/repository.go:100.76,105.16 4 1
golang-watchlist/internal/repository/repository.go:105.16,107.3 1 0
golang-watchlist/internal/repository/repository.go:108.2,108.23 1 1
golang-watchlist/internal/repository/repository.go:108.23,110.3 1 0
golang-watchlist/internal/repository/repository.go:112.2,112.12 1 1
golang-watchlist/internal/repository/repository.go:21.56,23.2 1 1
golang-watchlist/internal/repository/repository.go:27.91,36.16 3 1
golang-watchlist/internal/repository/repository.go:36.16,38.3 1 0
golang-watchlist/internal/repository/repository.go:40.2,41.16 2 1
golang-watchlist/internal/repository/repository.go:41.16,43.3 1 0
golang-watchlist/internal/repository/repository.go:45.2,46.12 2 1
golang-watchlist/internal/repository/repository.go:49.85,52.16 3 1
golang-watchlist/internal/repository/repository.go:52.16,54.3 1 0
golang-watchlist/internal/repository/repository.go:55.2,58.18 3 1
golang-watchlist/internal/repository/repository.go:58.18,64.17 3 1
golang-watchlist/internal/repository/repository.go:64.17,66.4 1 0
golang-watchlist/internal/repository/repository.go:67.3,67.36 1 1
golang-watchlist/internal/repository/repository.go:70.2,70.35 1 1
golang-watchlist/internal/repository/repository.go:70.35,72.3 1 0
golang-watchlist/internal/repository/repository.go:74.2,74.21 1 1
golang-watchlist/internal/repository/repository.go:77.91,89.16 4 1
golang-watchlist/internal/repository/repository.go:89.16,91.3 1 0
golang-watchlist/internal/repository/repository.go:93.2,93.23 1 1
golang-watchlist/internal/repository/repository.go:93.23,95.3 1 0
golang-watchlist/internal/repository/repository.go:97.2,97.12 1 1
golang-watchlist/internal/repository/repository.go:100.76,105.16 4 1
golang-watchlist/internal/repository/repository.go:105.16,107.3 1 0
golang-watchlist/internal/repository/repository.go:108.2,108.23 1 1
golang-watchlist/internal/repository/repository.go:108.23,110.3 1 1
golang-watchlist/internal/repository/repository.go:112.2,112.12 1 1
golang-watchlist/internal/routes/routes.go:14.57,20.2 5 0
golang-watchlist/internal/routes/routes.go:22.79,23.54 1 1
golang-watchlist/internal/routes/routes.go:23.54,25.65 2 1
golang-watchlist/internal/routes/routes.go:25.65,28.4 2 0
golang-watchlist/internal/routes/routes.go:30.3,30.48 1 1
golang-watchlist/internal/routes/routes.go:30.48,33.4 2 1
golang-watchlist/internal/routes/routes.go:35.3,35.65 1 1
golang-watchlist/internal/routes/routes.go:35.65,38.4 2 0
golang-watchlist/internal/routes/routes.go:39.3,40.36 2 1
golang-watchlist/internal/routes/routes.go:44.77,45.54 1 1
golang-watchlist/internal/routes/routes.go:45.54,47.17 2 1
golang-watchlist/internal/routes/routes.go:47.17,50.4 2 0
golang-watchlist/internal/routes/routes.go:51.3,51.37 1 1
golang-watchlist/internal/routes/routes.go:55.79,56.54 1 1
golang-watchlist/internal/routes/routes.go:56.54,58.17 2 1
golang-watchlist/internal/routes/routes.go:58.17,61.4 2 1
golang-watchlist/internal/routes/routes.go:63.3,64.65 2 1
golang-watchlist/internal/routes/routes.go:64.65,67.4 2 0
golang-watchlist/internal/routes/routes.go:69.3,69.48 1 1
golang-watchlist/internal/routes/routes.go:69.48,72.4 2 1
golang-watchlist/internal/routes/routes.go:74.3,75.65 2 1
golang-watchlist/internal/routes/routes.go:75.65,78.4 2 0
golang-watchlist/internal/routes/routes.go:79.3,79.36 1 1
golang-watchlist/internal/routes/routes.go:83.79,84.54 1 1
golang-watchlist/internal/routes/routes.go:84.54,86.17 2 1
golang-watchlist/internal/routes/routes.go:86.17,89.4 2 1
golang-watchlist/internal/routes/routes.go:91.3,91.60 1 1
golang-watchlist/internal/routes/routes.go:91.60,94.4 2 1
golang-watchlist/internal/routes/routes.go:95.3,95.38 1 1
